C51 COMPILER V9.57.0.0   MAIN                                                              03/25/2024 21:12:48 PAGE 1   


C51 COMPILER V9.57.0.0, COMPILATION OF MODULE MAIN
OBJECT MODULE PLACED IN .\Objects\main.obj
COMPILER INVOKED BY: D:\Keli51\C51\BIN\C51.EXE main.c OPTIMIZE(8,SPEED) BROWSE DEBUG OBJECTEXTEND PRINT(.\Listings\main.
                    -lst) TABS(2) OBJECT(.\Objects\main.obj)

line level    source

   1          #include <STC15F2K60S2.H>
   2          #include "onewire.h"
   3          #include "smg.h"
   4          
   5          sbit s4=P3^3; sbit s5=P3^2; sbit s6=P3^1; sbit s7=P3^0;
   6          unsigned char cnt0=0, cnt1=0, cntd=0, set_cntd=0, temp, wk_mode=1, led_stat=0xff,last_led=0xff, pwm=0, dp_
             -mode=1;
   7          void init_timer()
   8          {
   9   1        TMOD=0x02;
  10   1        AUXR&=0x3f;
  11   1        EA=1;
  12   1        ET0=1;
  13   1        ET1=1;
  14   1        TH0=255-100;
  15   1        TL0=255-100;
  16   1        TH1=(65535-50000)/256;
  17   1        TL1=(65535-50000)%256;
  18   1        TR0=1;
  19   1        TR1=1;
  20   1      }
  21          void servicet0() interrupt 1
  22          {
  23   1        ++cnt0;
  24   1        if(cnt0<pwm&&cntd>0)
  25   1        {
  26   2          P34=1;
  27   2          //led_stat&=0x7f;
  28   2        }
  29   1        else
  30   1        {
  31   2          P34=0;
  32   2          //led_stat=(led_stat&0x7f)|0x80;
  33   2        }
  34   1        /*if(led_stat!=last_led)
  35   1        {
  36   1          latch(4,led_stat);
  37   1          last_led=led_stat;
  38   1        }*/
  39   1        if(cnt0==10)
  40   1          cnt0=0;
  41   1      }
  42          void servicet1() interrupt 3
  43          {
  44   1        ++cnt1;
  45   1        if(cnt1==20&&cntd>0)
  46   1        {
  47   2          --cntd;
  48   2        }
  49   1        if(cnt1%10==0&&dp_mode==2)
  50   1        {
  51   2          temp=readtemp();
  52   2        }
  53   1        if(cnt1==20)
C51 COMPILER V9.57.0.0   MAIN                                                              03/25/2024 21:12:48 PAGE 2   

  54   1          cnt1=0;
  55   1      }
  56          void led()
  57          {
  58   1        if(cntd>0)
  59   1        {
  60   2          if(wk_mode==1)
  61   2            led_stat&=0xfe;
  62   2          else
  63   2            led_stat=(led_stat&0xfe)|0x01;
  64   2          if(wk_mode==2)
  65   2            led_stat&=0xfd;
  66   2          else
  67   2            led_stat=(led_stat&0xfd)|0x02;
  68   2          if(wk_mode==3)
  69   2            led_stat&=0xfb;
  70   2          else
  71   2            led_stat=(led_stat&0xfb)|0x04;
  72   2        }
  73   1        else
  74   1          led_stat=0xff;
  75   1        if(led_stat!=last_led)
  76   1        {
  77   2          latch(4,led_stat);
  78   2          last_led=led_stat;
  79   2        }
  80   1      }
  81          void display()
  82          {
  83   1        led();
  84   1        switch(dp_mode)
  85   1        {
  86   2          case 1:
  87   2            smg(1,11);
  88   2            smg(2,wk_mode);
  89   2            smg(3,11);
  90   2            smg(5,cntd/1000);
  91   2            smg(6,(cntd/100)%10);
  92   2            smg(7,(cntd/10)%10);
  93   2            smg(8,cntd%10);
  94   2            break;
  95   2          case 2:
  96   2            smg(1,11);
  97   2            smg(2,4);
  98   2            smg(3,11);
  99   2            smg(6,temp/10);
 100   2            smg(7,temp%10);
 101   2            smg(8,10);
 102   2            break;
 103   2        }
 104   1        latch(7,0xff);
 105   1      }
 106          void Delay10ms()    //@12.000MHz
 107          {
 108   1        unsigned char i, j;
 109   1      
 110   1        i = 117;
 111   1        j = 184;
 112   1        do
 113   1        {
 114   2          while (--j);
 115   2        } while (--i);
C51 COMPILER V9.57.0.0   MAIN                                                              03/25/2024 21:12:48 PAGE 3   

 116   1      }
 117          
 118          void scan()
 119          {
 120   1        if(s4==0)
 121   1        {
 122   2          Delay10ms();
 123   2          if(s4==0)
 124   2          {
 125   3            if(wk_mode<3) 
 126   3              ++wk_mode;
 127   3            else
 128   3              wk_mode=1;
 129   3            switch(wk_mode)
 130   3            {
 131   4              case 1:pwm=2;break;
 132   4              case 2:pwm=3;break;
 133   4              case 3:pwm=7;break;
 134   4            }
 135   3            while(s4==0)
 136   3              display();
 137   3          }
 138   2        }
 139   1        if(s5==0)
 140   1        {
 141   2          Delay10ms();
 142   2          if(s5==0)
 143   2          {
 144   3            if(set_cntd<120)
 145   3              set_cntd+=60;
 146   3            else
 147   3              set_cntd=0;
 148   3            cntd=set_cntd;
 149   3            while(s5==0)
 150   3              display();
 151   3          }
 152   2        }
 153   1        if(s6==0)
 154   1        {
 155   2          Delay10ms();
 156   2          if(s6==0)
 157   2          {
 158   3            cntd=0;
 159   3            while(s6==0)
 160   3              display();
 161   3          }
 162   2        }
 163   1        if(s7==0)
 164   1        {
 165   2          Delay10ms();
 166   2          if(s7==0)
 167   2          {
 168   3            if(dp_mode==1)
 169   3              dp_mode=2;
 170   3            else
 171   3              dp_mode=1;
 172   3            while(s7==0)
 173   3              display();
 174   3          }
 175   2        }
 176   1      }
 177          void set()
C51 COMPILER V9.57.0.0   MAIN                                                              03/25/2024 21:12:48 PAGE 4   

 178          {
 179   1        latch(4,0xff);
 180   1        latch(5,0x00);
 181   1      }
 182          void main()
 183          {
 184   1        set();
 185   1        init_timer();
 186   1        while(1)
 187   1        {
 188   2          scan();
 189   2          display();
 190   2        }
 191   1      }


MODULE INFORMATION:   STATIC OVERLAYABLE
   CODE SIZE        =    591    ----
   CONSTANT SIZE    =   ----    ----
   XDATA SIZE       =   ----    ----
   PDATA SIZE       =   ----    ----
   DATA SIZE        =     10    ----
   IDATA SIZE       =   ----    ----
   BIT SIZE         =   ----    ----
END OF MODULE INFORMATION.


C51 COMPILATION COMPLETE.  0 WARNING(S),  0 ERROR(S)
