C51 COMPILER V9.57.0.0   MAIN                                                              03/15/2024 21:45:54 PAGE 1   


C51 COMPILER V9.57.0.0, COMPILATION OF MODULE MAIN
OBJECT MODULE PLACED IN .\Objects\main.obj
COMPILER INVOKED BY: D:\Keli51\C51\BIN\C51.EXE main.c OPTIMIZE(8,SPEED) BROWSE DEBUG OBJECTEXTEND PRINT(.\Listings\main.
                    -lst) TABS(2) OBJECT(.\Objects\main.obj)

line level    source

   1          #include <STC15F2K60S2.H>
   2          #include "iic.h"
   3          #include "smg.h"
   4          
   5          unsigned char cnt, vdac ,vrb2, dp_mode=1, out_mode=0, led_stat=0xff, ledon=1, smgon=1;
   6          unsigned int cnf, fre;
   7          sbit s4=P3^3;
   8          sbit s5=P3^2;
   9          sbit s6=P3^1;
  10          sbit s7=P3^0;
  11          
  12          void init_timer()
  13          {
  14   1        TMOD=0x06;
  15   1        AUXR&=0x3f;
  16   1        EA=1;
  17   1        ET0=1;
  18   1        ET1=1;
  19   1        TH0=255;
  20   1        TL0=255;
  21   1        TH1=(65535-50000)/256;
  22   1        TL1=(65535-50000)%256;
  23   1        TR0=1;
  24   1        TR1=1;
  25   1      }
  26          void servicet0() interrupt 1
  27          {
  28   1        ++cnf;
  29   1      }
  30          void servicet1() interrupt 3
  31          {
  32   1        ++cnt;
  33   1        if(!(cnt%10))
  34   1        {
  35   2          vrb2=AD_read();
  36   2          if(!out_mode)
  37   2          {
  38   3            vdac=2*51;
  39   3          }
  40   2          else
  41   2          {
  42   3            vdac=vrb2;
  43   3          }
  44   2          DA_write(vdac);
  45   2        }
  46   1        if(!(cnt%20))
  47   1        {
  48   2          fre=cnf;
  49   2          cnf=0;
  50   2        }
  51   1        if(cnt==0xff)
  52   1          cnt=0;
  53   1      }
  54          void led()
C51 COMPILER V9.57.0.0   MAIN                                                              03/15/2024 21:45:54 PAGE 2   

  55          {
  56   1        led_stat=0xff;
  57   1        if(ledon)
  58   1        {
  59   2          if(dp_mode)
  60   2            led_stat&=0xfe;
  61   2          else
  62   2            led_stat&=0xfd;
  63   2          if((vrb2>=1.5*51&&vrb2<2.5*51)||vrb2>=3.5*51)
  64   2            led_stat&=0xfb;
  65   2          if((fre>=1000&&fre<5000)||fre>=10000)
  66   2            led_stat&=0xf7;
  67   2          if(out_mode)
  68   2            led_stat&=0xef;
  69   2        }
  70   1        latch(4,led_stat);
  71   1      }
  72          void display()
  73          {
  74   1        unsigned int temp;
  75   1        float temp1; 
  76   1        led();
  77   1        if(smgon)
  78   1        {
  79   2          switch(dp_mode)
  80   2          {
  81   3            case 0:
  82   3              smg(1,10);
  83   3              if(fre>=100000) smg(3,fre/100000);
  84   3              if(fre>=10000) smg(4,(fre/10000)%10);
  85   3              if(fre>=1000) smg(5,(fre/1000)%10);
  86   3              if(fre>=100) smg(6,(fre/100)%10);
  87   3              if(fre>=10) smg(7,(fre/10)%10);
  88   3              smg(8,fre%10);
  89   3              break;
  90   3            case 1:
  91   3              temp1=vrb2/51.0;
  92   3              temp=temp1*100;
  93   3              smg(1,11);
  94   3              smg_p(6,temp/100);
  95   3              smg(7,(temp/10)%10);
  96   3              smg(8,temp%10);
  97   3              break;
  98   3          }
  99   2        }
 100   1        else
 101   1          latch(7,0xff);
 102   1      }
 103          void Delay10ms()    //@12.000MHz
 104          {
 105   1        unsigned char i, j;
 106   1      
 107   1        i = 117;
 108   1        j = 184;
 109   1        do
 110   1        {
 111   2          while (--j);
 112   2        } while (--i);
 113   1      }
 114          
 115          void scan()
 116          {
C51 COMPILER V9.57.0.0   MAIN                                                              03/15/2024 21:45:54 PAGE 3   

 117   1        if(!s4)
 118   1        {
 119   2          Delay10ms();
 120   2          if(!s4)
 121   2          {
 122   3            dp_mode=(dp_mode)?0:1;
 123   3            while(!s4)
 124   3              display();
 125   3          }
 126   2        }
 127   1        if(!s5)
 128   1        {
 129   2          Delay10ms();
 130   2          if(!s5)
 131   2          {
 132   3            out_mode=(out_mode)?0:1;
 133   3            while(!s5)
 134   3              display();
 135   3          }
 136   2        }
 137   1        if(!s6)
 138   1        {
 139   2          Delay10ms();
 140   2          if(!s6)
 141   2          {
 142   3            ledon=(ledon)?0:1;
 143   3            while(!s6)
 144   3              display();
 145   3          }
 146   2        }
 147   1        if(!s7)
 148   1        {
 149   2          Delay10ms();
 150   2          if(!s7)
 151   2          {
 152   3            smgon=(smgon)?0:1;
 153   3            while(!s7)
 154   3              display();
 155   3          }
 156   2        }
 157   1      } 
 158          void set()
 159          {
 160   1        latch(5,0x00);
 161   1        latch(4,0xff);
 162   1      }
 163          void main()
 164          {
 165   1        set();
 166   1        init_timer();
 167   1        while(1)
 168   1        {
 169   2          scan();
 170   2          display();
 171   2        }
 172   1      }


MODULE INFORMATION:   STATIC OVERLAYABLE
   CODE SIZE        =    778    ----
   CONSTANT SIZE    =   ----    ----
   XDATA SIZE       =   ----    ----
C51 COMPILER V9.57.0.0   MAIN                                                              03/15/2024 21:45:54 PAGE 4   

   PDATA SIZE       =   ----    ----
   DATA SIZE        =     12       6
   IDATA SIZE       =   ----    ----
   BIT SIZE         =   ----    ----
END OF MODULE INFORMATION.


C51 COMPILATION COMPLETE.  0 WARNING(S),  0 ERROR(S)
