C51 COMPILER V9.57.0.0   IIC                                                               03/04/2024 21:53:00 PAGE 1   


C51 COMPILER V9.57.0.0, COMPILATION OF MODULE IIC
OBJECT MODULE PLACED IN .\Objects\iic.obj
COMPILER INVOKED BY: D:\Keli51\C51\BIN\C51.EXE iic.c OPTIMIZE(8,SPEED) BROWSE DEBUG OBJECTEXTEND PRINT(.\Listings\iic.ls
                    -t) TABS(2) OBJECT(.\Objects\iic.obj)

line level    source

   1          #include <STC15F2K60S2.H>
   2          #include <intrins.h>
   3          #define DELAY_TIME  5
   4          
   5          sbit scl=P2^0;
   6          sbit sda=P2^1;
   7          //
   8          static void I2C_Delay(unsigned char n)
   9          {
  10   1          do
  11   1          {
  12   2              _nop_();_nop_();_nop_();_nop_();_nop_();
  13   2              _nop_();_nop_();_nop_();_nop_();_nop_();
  14   2              _nop_();_nop_();_nop_();_nop_();_nop_();    
  15   2          }
  16   1          while(n--);       
  17   1      }
  18          
  19          //
  20          void I2CStart(void)
  21          {
  22   1          sda = 1;
  23   1          scl = 1;
  24   1        I2C_Delay(DELAY_TIME);
  25   1          sda = 0;
  26   1        I2C_Delay(DELAY_TIME);
  27   1          scl = 0;    
  28   1      }
  29          
  30          //
  31          void I2CStop(void)
  32          {
  33   1          sda = 0;
  34   1          scl = 1;
  35   1        I2C_Delay(DELAY_TIME);
  36   1          sda = 1;
  37   1        I2C_Delay(DELAY_TIME);
  38   1      }
  39          
  40          //
  41          void I2CSendByte(unsigned char byt)
  42          {
  43   1          unsigned char i;
  44   1        
  45   1          for(i=0; i<8; i++){
  46   2              scl = 0;
  47   2          I2C_Delay(DELAY_TIME);
  48   2              if(byt & 0x80){
  49   3                  sda = 1;
  50   3              }
  51   2              else{
  52   3                  sda = 0;
  53   3              }
  54   2          I2C_Delay(DELAY_TIME);
C51 COMPILER V9.57.0.0   IIC                                                               03/04/2024 21:53:00 PAGE 2   

  55   2              scl = 1;
  56   2              byt <<= 1;
  57   2          I2C_Delay(DELAY_TIME);
  58   2          }
  59   1        
  60   1          scl = 0;  
  61   1      }
  62          
  63          //
  64          unsigned char I2CReceiveByte(void)
  65          {
  66   1        unsigned char da;
  67   1        unsigned char i;
  68   1        for(i=0;i<8;i++){   
  69   2          scl = 1;
  70   2          I2C_Delay(DELAY_TIME);
  71   2          da <<= 1;
  72   2          if(sda) 
  73   2            da |= 0x01;
  74   2          scl = 0;
  75   2          I2C_Delay(DELAY_TIME);
  76   2        }
  77   1        return da;    
  78   1      }
  79          
  80          //
  81          unsigned char I2CWaitAck(void)
  82          {
  83   1        unsigned char ackbit;
  84   1        
  85   1          scl = 1;
  86   1        I2C_Delay(DELAY_TIME);
  87   1          ackbit = sda; 
  88   1          scl = 0;
  89   1        I2C_Delay(DELAY_TIME);
  90   1        
  91   1        return ackbit;
  92   1      }
  93          
  94          //
  95          void I2CSendAck(unsigned char ackbit)
  96          {
  97   1          scl = 0;
  98   1          sda = ackbit; 
  99   1        I2C_Delay(DELAY_TIME);
 100   1          scl = 1;
 101   1        I2C_Delay(DELAY_TIME);
 102   1          scl = 0; 
 103   1        sda = 1;
 104   1        I2C_Delay(DELAY_TIME);
 105   1      }
 106          unsigned char AD_read()
 107          {
 108   1        unsigned char temp;
 109   1        I2CStart();
 110   1        I2CSendByte(0x90);
 111   1        I2CWaitAck();
 112   1        I2CSendByte(0x41);
 113   1        I2CWaitAck();
 114   1        I2CStart();
 115   1        I2CSendByte(0x91);
 116   1        I2CWaitAck();
C51 COMPILER V9.57.0.0   IIC                                                               03/04/2024 21:53:00 PAGE 3   

 117   1        temp=I2CReceiveByte();
 118   1        I2CSendAck(1);
 119   1        I2CStop();
 120   1        return temp;
 121   1      }


MODULE INFORMATION:   STATIC OVERLAYABLE
   CODE SIZE        =    211    ----
   CONSTANT SIZE    =   ----    ----
   XDATA SIZE       =   ----    ----
   PDATA SIZE       =   ----    ----
   DATA SIZE        =   ----    ----
   IDATA SIZE       =   ----    ----
   BIT SIZE         =   ----    ----
END OF MODULE INFORMATION.


C51 COMPILATION COMPLETE.  0 WARNING(S),  0 ERROR(S)
