C51 COMPILER V9.57.0.0   ONEWIRE                                                           03/05/2024 23:33:52 PAGE 1   


C51 COMPILER V9.57.0.0, COMPILATION OF MODULE ONEWIRE
OBJECT MODULE PLACED IN .\Objects\onewire.obj
COMPILER INVOKED BY: D:\Keli51\C51\BIN\C51.EXE onewire.c OPTIMIZE(8,SPEED) BROWSE DEBUG OBJECTEXTEND PRINT(.\Listings\on
                    -ewire.lst) TABS(2) OBJECT(.\Objects\onewire.obj)

line level    source

   1          #include <STC15F2K60S2.H>
   2          
   3          sbit DQ=P1^4;
   4          
   5          void Delay700ms()   //@12.000MHz
   6          {
   7   1        unsigned char i, j, k;
   8   1      
   9   1        i = 32;
  10   1        j = 236;
  11   1        k = 16;
  12   1        do
  13   1        {
  14   2          do
  15   2          {
  16   3            while (--k);
  17   3          } while (--j);
  18   2        } while (--i);
  19   1      }
  20          
  21          
  22          void Delay_OneWire(unsigned int t)  
  23          {
  24   1        unsigned char i;
  25   1        while(t--){
  26   2          for(i=0;i<12;i++);
  27   2        }
  28   1      }
  29          
  30          //
  31          void Write_DS18B20(unsigned char dat)
  32          {
  33   1        unsigned char i;
  34   1        for(i=0;i<8;i++)
  35   1        {
  36   2          DQ = 0;
  37   2          DQ = dat&0x01;
  38   2          Delay_OneWire(5);
  39   2          DQ = 1;
  40   2          dat >>= 1;
  41   2        }
  42   1        Delay_OneWire(5);
  43   1      }
  44          
  45          //
  46          unsigned char Read_DS18B20(void)
  47          {
  48   1        unsigned char i;
  49   1        unsigned char dat;
  50   1        
  51   1        for(i=0;i<8;i++)
  52   1        {
  53   2          DQ = 0;
  54   2          dat >>= 1;
C51 COMPILER V9.57.0.0   ONEWIRE                                                           03/05/2024 23:33:52 PAGE 2   

  55   2          DQ = 1;
  56   2          if(DQ)
  57   2          {
  58   3            dat |= 0x80;
  59   3          }     
  60   2          Delay_OneWire(5);
  61   2        }
  62   1        return dat;
  63   1      }
  64          
  65          //
  66          bit init_ds18b20(void)
  67          {
  68   1          bit initflag = 0;
  69   1          
  70   1          DQ = 1;
  71   1          Delay_OneWire(12);
  72   1          DQ = 0;
  73   1          Delay_OneWire(80);
  74   1          DQ = 1;
  75   1          Delay_OneWire(10); 
  76   1          initflag = DQ;     
  77   1          Delay_OneWire(5);
  78   1        
  79   1          return initflag;
  80   1      }
  81          float readtemp()
  82          {
  83   1        unsigned char LSB,MSB;
  84   1        unsigned int stemp;
  85   1        float temp;
  86   1        init_ds18b20();
  87   1        Write_DS18B20(0xcc);
  88   1        Write_DS18B20(0x44);
  89   1        Delay700ms();
  90   1        init_ds18b20();
  91   1        Write_DS18B20(0xcc);
  92   1        Write_DS18B20(0xbe);
  93   1        LSB=Read_DS18B20();
  94   1        MSB=Read_DS18B20();
  95   1        stemp=MSB;
  96   1        stemp=(stemp<<8)+LSB;
  97   1        temp=stemp*0.0625;
  98   1        return temp;
  99   1      }


MODULE INFORMATION:   STATIC OVERLAYABLE
   CODE SIZE        =    198    ----
   CONSTANT SIZE    =   ----    ----
   XDATA SIZE       =   ----    ----
   PDATA SIZE       =   ----    ----
   DATA SIZE        =   ----    ----
   IDATA SIZE       =   ----    ----
   BIT SIZE         =   ----       1
END OF MODULE INFORMATION.


C51 COMPILATION COMPLETE.  0 WARNING(S),  0 ERROR(S)
