C51 COMPILER V9.57.0.0   SMG                                                               03/05/2024 23:08:57 PAGE 1   


C51 COMPILER V9.57.0.0, COMPILATION OF MODULE SMG
OBJECT MODULE PLACED IN .\Objects\smg.obj
COMPILER INVOKED BY: D:\Keli51\C51\BIN\C51.EXE smg.c OPTIMIZE(8,SPEED) BROWSE DEBUG OBJECTEXTEND PRINT(.\Listings\smg.ls
                    -t) TABS(2) OBJECT(.\Objects\smg.obj)

line level    source

   1          #include <STC15F2K60S2.H>
   2          
   3          code unsigned char table[] = 
   4          {
   5          0xc0, //0
   6          0xf9, //1
   7          0xa4, //2
   8          0xb0, //3
   9          0x99, //4
  10          0x92, //5
  11          0x82, //6
  12          0xf8, //7
  13          0x80, //8
  14          0x90, //9
  15          0x88, //A 10
  16          0xc6, //C 11
  17          0x86, //E 12
  18          0x8e, //F 13
  19          0x8c, //P 14
  20          0x89, //H 15  
  21          0xbf, //- 16
  22          };
  23          void Delay500us()   //@12.000MHz
  24          {
  25   1        unsigned char i, j;
  26   1      
  27   1        i = 6;
  28   1        j = 211;
  29   1        do
  30   1        {
  31   2          while (--j);
  32   2        } while (--i);
  33   1      }
  34          
  35          void delay_smg(unsigned char t)
  36          {
  37   1        while(t--);
  38   1      }
  39          void latch(unsigned char yn,unsigned char value)
  40          {
  41   1          P0=value;
  42   1          P2=(P2&0x1f)|(yn<<5);
  43   1          P2=P2&0x1f;
  44   1      }
  45          void smg(unsigned char pos,unsigned char value)
  46          {
  47   1        latch(6,0x01<<(pos-1));
  48   1        latch(7,table[value]);
  49   1        Delay500us();
  50   1      }
  51          void smg_p(unsigned char pos,unsigned char value)
  52          {
  53   1        latch(6,0x01<<(pos-1));
  54   1        latch(7,table[value]-0x80);
C51 COMPILER V9.57.0.0   SMG                                                               03/05/2024 23:08:57 PAGE 2   

  55   1        Delay500us();
  56   1      }


MODULE INFORMATION:   STATIC OVERLAYABLE
   CODE SIZE        =    109    ----
   CONSTANT SIZE    =     17    ----
   XDATA SIZE       =   ----    ----
   PDATA SIZE       =   ----    ----
   DATA SIZE        =   ----    ----
   IDATA SIZE       =   ----    ----
   BIT SIZE         =   ----    ----
END OF MODULE INFORMATION.


C51 COMPILATION COMPLETE.  0 WARNING(S),  0 ERROR(S)
