C51 COMPILER V9.57.0.0   MAIN                                                              03/12/2024 21:48:04 PAGE 1   


C51 COMPILER V9.57.0.0, COMPILATION OF MODULE MAIN
OBJECT MODULE PLACED IN .\Objects\main.obj
COMPILER INVOKED BY: D:\Keli51\C51\BIN\C51.EXE main.c OPTIMIZE(8,SPEED) BROWSE DEBUG OBJECTEXTEND PRINT(.\Listings\main.
                    -lst) TABS(2) OBJECT(.\Objects\main.obj)

line level    source

   1          #include <STC15F2K60S2.H>
   2          #include "iic.h"
   3          #include "onewire.h"
   4          #include "smg.h"
   5          
   6          float now_temp;
   7          unsigned char count_t, max_temp=30, min_temp=20, before_max_temp, before_min_temp, op_temp=1, dp_mode=1, l
             -ed_stat=0xff, fg_judge=1;
   8          
   9          sbit s7=P3^0;
  10          sbit s6=P3^1;
  11          sbit s5=P3^2;
  12          sbit s4=P3^3;
  13          void init_timer0()
  14          {
  15   1        TMOD=0x00;
  16   1        AUXR&=0x3f;
  17   1        EA=1;
  18   1        ET0=1;
  19   1        TH0=(65535-50000)/256;
  20   1        TL0=(65535-50000)%256;
  21   1        TR0=1;
  22   1      }
  23          void display();
  24          void servicet0() interrupt 1
  25          {
  26   1        ++count_t;
  27   1        display();
  28   1        if(count_t%5==0)
  29   1        {
  30   2          if(now_temp>max_temp)
  31   2            DA_write(4*51);
  32   2          else
  33   2            if(now_temp<=max_temp&&now_temp>=min_temp)
  34   2              DA_write(3*51);
  35   2            else
  36   2              DA_write(2*51);
  37   2        }
  38   1        display();
  39   1        if(count_t%8==0)
  40   1        {
  41   2          now_temp=readtemp();
  42   2          display();
  43   2        }
  44   1        if(count_t==0xff)
  45   1          count_t=0;
  46   1        display();
  47   1      }
  48          void led()
  49          {
  50   1        led_stat=0xff;
  51   1        if(now_temp>max_temp)
  52   1          led_stat&=0xfe;
  53   1        else
C51 COMPILER V9.57.0.0   MAIN                                                              03/12/2024 21:48:04 PAGE 2   

  54   1          if(now_temp<=max_temp&&now_temp>=min_temp)
  55   1            led_stat&=0xfd;
  56   1          else
  57   1            led_stat&=0xfb;
  58   1        if(fg_judge==0)
  59   1          led_stat&=0xf7;
  60   1        latch(4,led_stat);
  61   1      }
  62          void display()
  63          {
  64   1        unsigned char stemp;
  65   1        led();
  66   1        switch(dp_mode)
  67   1        {
  68   2          case 1:
  69   2            stemp=now_temp;
  70   2            smg(1,10);
  71   2            if(stemp>=10)
  72   2              smg(7,stemp/10);
  73   2            smg(8,stemp%10);
  74   2            break;
  75   2          case 2:
  76   2            smg(1,11);
  77   2            if(max_temp>=10)
  78   2              smg(4,max_temp/10);
  79   2            smg(5,max_temp%10);
  80   2            if(min_temp>=10)
  81   2              smg(7,min_temp/10);
  82   2            smg(8,min_temp%10);
  83   2            break;
  84   2        }
  85   1        smg(8,12);
  86   1      }
  87          void Delay10ms()    //@12.000MHz
  88          {
  89   1        unsigned char i, j;
  90   1      
  91   1        i = 117;
  92   1        j = 184;
  93   1        do
  94   1        {
  95   2          while (--j);
  96   2        } while (--i);
  97   1      }
  98          
  99          void scan()
 100          {
 101   1        if(s4==0)
 102   1        {
 103   2          Delay10ms();
 104   2          if(s4==0)
 105   2          {
 106   3            if(dp_mode==1)
 107   3            {
 108   4              dp_mode=2;
 109   4              before_max_temp=max_temp;
 110   4              before_min_temp=min_temp;
 111   4              op_temp=1;
 112   4            }
 113   3            else
 114   3            {
 115   4              dp_mode=1;
C51 COMPILER V9.57.0.0   MAIN                                                              03/12/2024 21:48:04 PAGE 3   

 116   4              if(min_temp>max_temp)
 117   4              {
 118   5                fg_judge=0;
 119   5                max_temp=before_max_temp;
 120   5                min_temp=before_min_temp;
 121   5              }
 122   4              else
 123   4                fg_judge=1;
 124   4            }
 125   3            while(s4==0)
 126   3              display();
 127   3          }
 128   2        }
 129   1        if(s5==0)
 130   1        {
 131   2          Delay10ms();
 132   2          if(s5==0)
 133   2          {
 134   3            if(op_temp==1)
 135   3              op_temp=2;
 136   3            else
 137   3              op_temp=1;
 138   3            while(s5==0)
 139   3              display();
 140   3          }   
 141   2        }
 142   1        if(s6==0&&dp_mode==2)
 143   1        {
 144   2          Delay10ms();
 145   2          if(s6==0)
 146   2          {
 147   3            if(op_temp==1&&min_temp<=98)
 148   3              ++min_temp;
 149   3            else
 150   3              if(op_temp==2&&max_temp<=98)
 151   3                ++max_temp;
 152   3            while(s6==0)
 153   3              display();
 154   3          }   
 155   2        }
 156   1        if(s7==0&&dp_mode==2)
 157   1        {
 158   2          Delay10ms();
 159   2          if(s7==0)
 160   2          {
 161   3            if(op_temp==1&&min_temp>=1)
 162   3              --min_temp;
 163   3            else
 164   3              if(op_temp==2&&max_temp>=1)
 165   3                --max_temp;
 166   3            while(s7==0)
 167   3              display();
 168   3          }   
 169   2        }
 170   1      }
 171          void init_system()
 172          {
 173   1        latch(4,0xff);
 174   1        latch(5,0x00);
 175   1      }
 176          void main()
 177          {
C51 COMPILER V9.57.0.0   MAIN                                                              03/12/2024 21:48:04 PAGE 4   

 178   1        init_system();
 179   1        init_timer0();
 180   1        while(1)
 181   1        {
 182   2          scan();
 183   2          display();
 184   2        }
 185   1      }


MODULE INFORMATION:   STATIC OVERLAYABLE
   CODE SIZE        =    655    ----
   CONSTANT SIZE    =   ----    ----
   XDATA SIZE       =   ----    ----
   PDATA SIZE       =   ----    ----
   DATA SIZE        =     13       1
   IDATA SIZE       =   ----    ----
   BIT SIZE         =   ----    ----
END OF MODULE INFORMATION.


C51 COMPILATION COMPLETE.  0 WARNING(S),  0 ERROR(S)
