C51 COMPILER V9.57.0.0   ONEWIRE                                                           03/12/2024 21:54:13 PAGE 1   


C51 COMPILER V9.57.0.0, COMPILATION OF MODULE ONEWIRE
OBJECT MODULE PLACED IN .\Objects\onewire.obj
COMPILER INVOKED BY: D:\Keli51\C51\BIN\C51.EXE onewire.c OPTIMIZE(8,SPEED) BROWSE DEBUG OBJECTEXTEND PRINT(.\Listings\on
                    -ewire.lst) TABS(2) OBJECT(.\Objects\onewire.obj)

line level    source

   1          #include <STC15F2K60S2.H>
   2          
   3          sbit DQ=P1^4;
   4          
   5          //
   6          void Delay_OneWire(unsigned int t)  
   7          {
   8   1        unsigned char i;
   9   1        while(t--){
  10   2          for(i=0;i<12;i++);
  11   2        }
  12   1      }
  13          
  14          //
  15          void Write_DS18B20(unsigned char dat)
  16          {
  17   1        unsigned char i;
  18   1        for(i=0;i<8;i++)
  19   1        {
  20   2          DQ = 0;
  21   2          DQ = dat&0x01;
  22   2          Delay_OneWire(5);
  23   2          DQ = 1;
  24   2          dat >>= 1;
  25   2        }
  26   1        Delay_OneWire(5);
  27   1      }
  28          
  29          //
  30          unsigned char Read_DS18B20(void)
  31          {
  32   1        unsigned char i;
  33   1        unsigned char dat;
  34   1        
  35   1        for(i=0;i<8;i++)
  36   1        {
  37   2          DQ = 0;
  38   2          dat >>= 1;
  39   2          DQ = 1;
  40   2          if(DQ)
  41   2          {
  42   3            dat |= 0x80;
  43   3          }     
  44   2          Delay_OneWire(5);
  45   2        }
  46   1        return dat;
  47   1      }
  48          
  49          //
  50          bit init_ds18b20(void)
  51          {
  52   1          bit initflag = 0;
  53   1          
  54   1          DQ = 1;
C51 COMPILER V9.57.0.0   ONEWIRE                                                           03/12/2024 21:54:13 PAGE 2   

  55   1          Delay_OneWire(12);
  56   1          DQ = 0;
  57   1          Delay_OneWire(80);
  58   1          DQ = 1;
  59   1          Delay_OneWire(10); 
  60   1          initflag = DQ;     
  61   1          Delay_OneWire(5);
  62   1        
  63   1          return initflag;
  64   1      }
  65          float readtemp()
  66          {
  67   1        float temp;
  68   1        unsigned int stemp;
  69   1        unsigned char LSB,MSB; 
  70   1        init_ds18b20();
  71   1        Write_DS18B20(0xcc);
  72   1        display();
*** WARNING C206 IN LINE 72 OF onewire.c: 'display': missing function-prototype
  73   1        Write_DS18B20(0x44);
  74   1        display();
  75   1        init_ds18b20();
  76   1        Write_DS18B20(0xcc);
  77   1        display();
  78   1        Write_DS18B20(0xbe);
  79   1        display();
  80   1        LSB=Read_DS18B20();
  81   1        MSB=Read_DS18B20();
  82   1        stemp=MSB;
  83   1        stemp=(stemp<<8)+LSB;
  84   1        temp=stemp*0.0625;
  85   1        display();
  86   1        return temp;
  87   1      }


MODULE INFORMATION:   STATIC OVERLAYABLE
   CODE SIZE        =    214    ----
   CONSTANT SIZE    =   ----    ----
   XDATA SIZE       =   ----    ----
   PDATA SIZE       =   ----    ----
   DATA SIZE        =   ----       4
   IDATA SIZE       =   ----    ----
   BIT SIZE         =   ----       1
END OF MODULE INFORMATION.


C51 COMPILATION COMPLETE.  1 WARNING(S),  0 ERROR(S)
