C51 COMPILER V9.57.0.0   SMG                                                               03/09/2024 21:26:38 PAGE 1   


C51 COMPILER V9.57.0.0, COMPILATION OF MODULE SMG
OBJECT MODULE PLACED IN .\Objects\smg.obj
COMPILER INVOKED BY: D:\Keli51\C51\BIN\C51.EXE smg.c OPTIMIZE(8,SPEED) BROWSE DEBUG OBJECTEXTEND PRINT(.\Listings\smg.ls
                    -t) TABS(2) OBJECT(.\Objects\smg.obj)

line level    source

   1          #include <STC15F2K60S2.H>
   2          
   3          code unsigned char table[] = 
   4          {
   5          0xc0, //0
   6          0xf9, //1
   7          0xa4, //2
   8          0xb0, //3
   9          0x99, //4
  10          0x92, //5
  11          0x82, //6
  12          0xf8, //7
  13          0x80, //8
  14          0x90, //9
  15          0xf7, //_ 10
  16          0xc6, //C 11
  17          0x8c, //P 12
  18          0x86, //E 13
  19          0xc8, //N 14
  20          0xff, //  15
  21          };
  22          void Delay500us()   //@12.000MHz
  23          {
  24   1        unsigned char i, j;
  25   1      
  26   1        i = 6;
  27   1        j = 211;
  28   1        do
  29   1        {
  30   2          while (--j);
  31   2        } while (--i);
  32   1      }
  33          void latch(unsigned char yn,unsigned char value)
  34          {
  35   1        P0=value;
  36   1        P2=(P2&0x1f)|(yn<<5);
  37   1        P2&=0x1f;
  38   1      }
  39          void smg(unsigned char pos,unsigned char value)
  40          {
  41   1        latch(6,0x01<<(pos-1));
  42   1        latch(7,table[value]);
  43   1        Delay500us();
  44   1      }
  45            


MODULE INFORMATION:   STATIC OVERLAYABLE
   CODE SIZE        =     64    ----
   CONSTANT SIZE    =     16    ----
   XDATA SIZE       =   ----    ----
   PDATA SIZE       =   ----    ----
   DATA SIZE        =   ----    ----
   IDATA SIZE       =   ----    ----
C51 COMPILER V9.57.0.0   SMG                                                               03/09/2024 21:26:38 PAGE 2   

   BIT SIZE         =   ----    ----
END OF MODULE INFORMATION.


C51 COMPILATION COMPLETE.  0 WARNING(S),  0 ERROR(S)
