C51 COMPILER V9.57.0.0   UTWAVE                                                            05/28/2024 21:55:01 PAGE 1   


C51 COMPILER V9.57.0.0, COMPILATION OF MODULE UTWAVE
OBJECT MODULE PLACED IN .\Objects\utwave.obj
COMPILER INVOKED BY: D:\Keli51\C51\BIN\C51.EXE utwave.c OPTIMIZE(8,SPEED) BROWSE DEBUG OBJECTEXTEND PRINT(.\Listings\utw
                    -ave.lst) TABS(2) OBJECT(.\Objects\utwave.obj)

line level    source

   1          #include <STC15F2K60S2.H>
   2          #include <intrins.h>
   3          
   4          sbit TX=P1^0;
   5          sbit RX=P1^1;
   6          
   7          void Delay12us()    //@12.000MHz
   8          {
   9   1        unsigned char i;
  10   1      
  11   1        _nop_();
  12   1        _nop_();
  13   1        i = 33;
  14   1        while (--i);
  15   1      }
  16          void init_utwave()
  17          {
  18   1        TX=1;
  19   1        Delay12us();
  20   1        TX=0;
  21   1      }
  22          
  23          unsigned int time_utwave()
  24          {
  25   1        unsigned int time;
  26   1        TH1=0;
  27   1        TL1=0;
  28   1        init_utwave();
  29   1        TR1=1;
  30   1        while(RX==1&&TF1==0);
  31   1        TR1=0;
  32   1        if(TF1==0)
  33   1        {
  34   2          time=TH1;
  35   2          time=(time<<8)|TL1;
  36   2          return time;
  37   2        }
  38   1        else
  39   1        {
  40   2          TF1=0;
  41   2          return 0;
  42   2        }
  43   1      }


MODULE INFORMATION:   STATIC OVERLAYABLE
   CODE SIZE        =     51    ----
   CONSTANT SIZE    =   ----    ----
   XDATA SIZE       =   ----    ----
   PDATA SIZE       =   ----    ----
   DATA SIZE        =   ----    ----
   IDATA SIZE       =   ----    ----
   BIT SIZE         =   ----    ----
END OF MODULE INFORMATION.

C51 COMPILER V9.57.0.0   UTWAVE                                                            05/28/2024 21:55:01 PAGE 2   


C51 COMPILATION COMPLETE.  0 WARNING(S),  0 ERROR(S)
