C51 COMPILER V9.57.0.0   DS1302                                                            03/19/2024 14:51:59 PAGE 1   


C51 COMPILER V9.57.0.0, COMPILATION OF MODULE DS1302
OBJECT MODULE PLACED IN .\Objects\ds1302.obj
COMPILER INVOKED BY: D:\Keli51\C51\BIN\C51.EXE ds1302.c OPTIMIZE(8,SPEED) BROWSE DEBUG OBJECTEXTEND PRINT(.\Listings\ds1
                    -302.lst) TABS(2) OBJECT(.\Objects\ds1302.obj)

line level    source

   1          #include <STC15F2K60S2.H>
   2          #include <intrins.h>
   3          
   4          sbit SCK=P1^7;
   5          sbit RST=P1^3;
   6          sbit SDA=P2^3;
   7          //
   8          void Write_Ds1302(unsigned  char temp) 
   9          {
  10   1        unsigned char i;
  11   1        for (i=0;i<8;i++)       
  12   1        { 
  13   2          SCK = 0;
  14   2          SDA = temp&0x01;
  15   2          temp>>=1; 
  16   2          SCK=1;
  17   2        }
  18   1      }   
  19          
  20          //
  21          void Write_Ds1302_Byte( unsigned char address,unsigned char dat )     
  22          {
  23   1        RST=0;  _nop_();
  24   1        SCK=0;  _nop_();
  25   1        RST=1;  _nop_();  
  26   1        Write_Ds1302(address);  
  27   1        Write_Ds1302(dat);    
  28   1        RST=0; 
  29   1      }
  30          
  31          //
  32          unsigned char Read_Ds1302_Byte ( unsigned char address )
  33          {
  34   1        unsigned char i,temp=0x00;
  35   1        RST=0;  _nop_();
  36   1        SCK=0;  _nop_();
  37   1        RST=1;  _nop_();
  38   1        Write_Ds1302(address);
  39   1        for (i=0;i<8;i++)   
  40   1        {   
  41   2          SCK=0;
  42   2          temp>>=1; 
  43   2          if(SDA)
  44   2          temp|=0x80; 
  45   2          SCK=1;
  46   2        } 
  47   1        RST=0;  _nop_();
  48   1        SCK=0;  _nop_();
  49   1        SCK=1;  _nop_();
  50   1        SDA=0;  _nop_();
  51   1        SDA=1;  _nop_();
  52   1        return (temp);      
  53   1      }
  54          void init_ds1302()
C51 COMPILER V9.57.0.0   DS1302                                                            03/19/2024 14:51:59 PAGE 2   

  55          {
  56   1        Write_Ds1302_Byte(0x8e,0x00);
  57   1        Write_Ds1302_Byte(0x80,0x50);
  58   1        Write_Ds1302_Byte(0x82,0x59);
  59   1        Write_Ds1302_Byte(0x84,0x23);
  60   1        Write_Ds1302_Byte(0x8e,0x80);
  61   1      }
  62          unsigned char read_ds1302_sec()
  63          {
  64   1        unsigned char temp;
  65   1        temp=Read_Ds1302_Byte(0x81);
  66   1        temp=temp/16*10+temp%16;
  67   1        return temp;
  68   1      }
  69          unsigned char read_ds1302_min()
  70          {
  71   1        unsigned char temp;
  72   1        temp=Read_Ds1302_Byte(0x83);
  73   1        temp=temp/16*10+temp%16;
  74   1        return temp;
  75   1      }
  76          unsigned char read_ds1302_hour()
  77          {
  78   1        unsigned char temp;
  79   1        temp=Read_Ds1302_Byte(0x85);
  80   1        temp=temp/16*10+temp%16;
  81   1        return temp;
  82   1      }


MODULE INFORMATION:   STATIC OVERLAYABLE
   CODE SIZE        =    186    ----
   CONSTANT SIZE    =   ----    ----
   XDATA SIZE       =   ----    ----
   PDATA SIZE       =   ----    ----
   DATA SIZE        =   ----    ----
   IDATA SIZE       =   ----    ----
   BIT SIZE         =   ----    ----
END OF MODULE INFORMATION.


C51 COMPILATION COMPLETE.  0 WARNING(S),  0 ERROR(S)
